[dotenv@17.2.3] injecting env (2) from .env -- tip: Γ£à audit secrets and track compliance: https://dotenvx.com/ops
node:internal/modules/cjs/loader:1423
  throw err;
  ^

Error: Cannot find module '.prisma/client/default'
Require stack:
- C:\Users\asadi\Desktop\smart-diet-app\server\node_modules\@prisma\client\default.js
- C:\Users\asadi\Desktop\smart-diet-app\server\index.js
    at Module._resolveFilename (node:internal/modules/cjs/loader:1420:15)
    at defaultResolveImpl (node:internal/modules/cjs/loader:1058:19)
    at resolveForCJSWithHooks (node:internal/modules/cjs/loader:1063:22)
    at Module._load (node:internal/modules/cjs/loader:1226:37)
    at TracingChannel.traceSync (node:diagnostics_channel:322:14)
    at wrapModuleLoad (node:internal/modules/cjs/loader:244:24)
    at Module.require (node:internal/modules/cjs/loader:1503:12)
    at require (node:internal/modules/helpers:152:16)
    at Object.<anonymous> (C:\Users\asadi\Desktop\smart-diet-app\server\node_modules\@prisma\client\default.js:2:6)
    at Module._compile (node:internal/modules/cjs/loader:1760:14) {
  code: 'MODULE_NOT_FOUND',
  requireStack: [
    'C:\\Users\\asadi\\Desktop\\smart-diet-app\\server\\node_modules\\@prisma\\client\\default.js',
    'C:\\Users\\asadi\\Desktop\\smart-diet-app\\server\\index.js'
  ]
}

Node.js v24.8.0
