npm verbose cli C:\nvm4w\nodejs\node.exe C:\nvm4w\nodejs\node_modules\npm\bin\npm-cli.js
npm info using npm@11.6.0
npm info using node@v24.8.0
npm verbose title npm install
npm verbose argv "install" "--loglevel" "verbose"
npm verbose logfile logs-max:10 dir:C:\Users\asadi\AppData\Local\npm-cache\_logs\2026-02-01T07_09_53_769Z-
npm verbose logfile C:\Users\asadi\AppData\Local\npm-cache\_logs\2026-02-01T07_09_53_769Z-debug-0.log
npm http fetch GET 200 https://registry.npmjs.org/@prisma%2fclient 1618ms (cache revalidated)
npm http cache https://registry.npmjs.org/prisma 143ms (cache hit)
npm http cache https://registry.npmjs.org/typescript 91ms (cache hit)
npm http fetch GET 200 https://registry.npmjs.org/bcryptjs 75ms (cache revalidated)
npm http fetch GET 200 https://registry.npmjs.org/cors 72ms (cache revalidated)
npm http fetch GET 200 https://registry.npmjs.org/dotenv 73ms (cache revalidated)
npm http fetch GET 200 https://registry.npmjs.org/express 97ms (cache revalidated)
npm http fetch GET 200 https://registry.npmjs.org/jsonwebtoken 87ms (cache revalidated)
npm http fetch GET 200 https://registry.npmjs.org/vary 134ms (cache revalidated)
npm http fetch GET 200 https://registry.npmjs.org/send 80ms (cache revalidated)
npm http fetch GET 200 https://registry.npmjs.org/qs 252ms (cache revalidated)
npm http fetch GET 200 https://registry.npmjs.org/object-assign 261ms (cache revalidated)
npm http fetch GET 200 https://registry.npmjs.org/etag 262ms (cache revalidated)
npm http fetch GET 200 https://registry.npmjs.org/depd 271ms (cache revalidated)
npm http fetch GET 200 https://registry.npmjs.org/once 281ms (cache revalidated)
npm http fetch GET 200 https://registry.npmjs.org/debug 74ms (cache revalidated)
npm http fetch GET 200 https://registry.npmjs.org/cookie 69ms (cache revalidated)
npm http fetch GET 200 https://registry.npmjs.org/fresh 86ms (cache revalidated)
npm http fetch GET 200 https://registry.npmjs.org/router 90ms (cache revalidated)
npm http fetch GET 200 https://registry.npmjs.org/parseurl 72ms (cache revalidated)
npm http fetch GET 200 https://registry.npmjs.org/accepts 101ms (cache revalidated)
npm http fetch GET 200 https://registry.npmjs.org/type-is 101ms (cache revalidated)
npm http fetch GET 200 https://registry.npmjs.org/encodeurl 66ms (cache revalidated)
npm http fetch GET 200 https://registry.npmjs.org/statuses 97ms (cache revalidated)
npm http fetch GET 200 https://registry.npmjs.org/mime-types 75ms (cache revalidated)
npm http fetch GET 200 https://registry.npmjs.org/proxy-addr 78ms (cache revalidated)
npm http fetch GET 200 https://registry.npmjs.org/http-errors 69ms (cache revalidated)
npm http fetch GET 200 https://registry.npmjs.org/escape-html 107ms (cache revalidated)
npm http fetch GET 200 https://registry.npmjs.org/on-finished 80ms (cache revalidated)
npm http fetch GET 200 https://registry.npmjs.org/content-type 94ms (cache revalidated)
npm http fetch GET 200 https://registry.npmjs.org/finalhandler 81ms (cache revalidated)
npm http fetch GET 200 https://registry.npmjs.org/range-parser 78ms (cache revalidated)
npm http fetch GET 200 https://registry.npmjs.org/cookie-signature 80ms (cache revalidated)
npm http fetch GET 200 https://registry.npmjs.org/serve-static 97ms (cache revalidated)
npm http fetch GET 200 https://registry.npmjs.org/merge-descriptors 97ms (cache revalidated)
npm http fetch GET 200 https://registry.npmjs.org/ms 79ms (cache revalidated)
npm http fetch GET 200 https://registry.npmjs.org/jws 75ms (cache revalidated)
npm http fetch GET 200 https://registry.npmjs.org/semver 78ms (cache revalidated)
npm http fetch GET 200 https://registry.npmjs.org/lodash.once 73ms (cache revalidated)
npm http fetch GET 200 https://registry.npmjs.org/lodash.isnumber 85ms (cache revalidated)
npm http fetch GET 200 https://registry.npmjs.org/lodash.isstring 86ms (cache revalidated)
npm http fetch GET 200 https://registry.npmjs.org/lodash.isboolean 74ms (cache revalidated)
npm http fetch GET 200 https://registry.npmjs.org/body-parser 418ms (cache revalidated)
npm http fetch GET 200 https://registry.npmjs.org/lodash.isinteger 62ms (cache revalidated)
npm http fetch GET 200 https://registry.npmjs.org/lodash.isplainobject 78ms (cache revalidated)
npm http fetch GET 200 https://registry.npmjs.org/content-disposition 419ms (cache revalidated)
npm http fetch GET 200 https://registry.npmjs.org/lodash.includes 382ms (cache revalidated)
npm http fetch GET 200 https://registry.npmjs.org/@prisma%2fclient-runtime-utils 1053ms (cache revalidated)
npm http fetch GET 200 https://registry.npmjs.org/@prisma%2fengines 402ms (cache revalidated)
npm http fetch GET 200 https://registry.npmjs.org/@prisma%2fconfig 615ms (cache revalidated)
npm http fetch GET 200 https://registry.npmjs.org/raw-body 98ms (cache revalidated)
npm http fetch GET 200 https://registry.npmjs.org/setprototypeof 102ms (cache revalidated)
npm http fetch GET 200 https://registry.npmjs.org/toidentifier 107ms (cache revalidated)
npm http fetch GET 200 https://registry.npmjs.org/iconv-lite 119ms (cache revalidated)
npm http fetch GET 200 https://registry.npmjs.org/negotiator 127ms (cache revalidated)
npm http fetch GET 200 https://registry.npmjs.org/inherits 142ms (cache revalidated)
npm http fetch GET 200 https://registry.npmjs.org/bytes 172ms (cache revalidated)
npm http fetch GET 200 https://registry.npmjs.org/ee-first 117ms (cache revalidated)
npm http fetch GET 200 https://registry.npmjs.org/forwarded 105ms (cache revalidated)
npm http fetch GET 200 https://registry.npmjs.org/ipaddr.js 105ms (cache revalidated)
npm http fetch GET 200 https://registry.npmjs.org/wrappy 132ms (cache revalidated)
npm http fetch GET 200 https://registry.npmjs.org/mime-db 156ms (cache revalidated)
npm http fetch GET 200 https://registry.npmjs.org/side-channel 127ms (cache revalidated)
npm http fetch GET 200 https://registry.npmjs.org/is-promise 112ms (cache revalidated)
npm http fetch GET 200 https://registry.npmjs.org/path-to-regexp 108ms (cache revalidated)
npm http fetch GET 200 https://registry.npmjs.org/media-typer 117ms (cache revalidated)
npm http fetch GET 200 https://registry.npmjs.org/safer-buffer 64ms (cache revalidated)
npm http fetch GET 200 https://registry.npmjs.org/unpipe 79ms (cache revalidated)
npm http fetch GET 200 https://registry.npmjs.org/safe-buffer 88ms (cache revalidated)
npm http fetch GET 200 https://registry.npmjs.org/jwa 136ms (cache revalidated)
npm http fetch GET 200 https://registry.npmjs.org/ecdsa-sig-formatter 72ms (cache revalidated)
npm http fetch GET 200 https://registry.npmjs.org/buffer-equal-constant-time 90ms (cache revalidated)
npm http fetch GET 200 https://registry.npmjs.org/empathic 73ms (cache revalidated)
npm http fetch GET 200 https://registry.npmjs.org/deepmerge-ts 78ms (cache revalidated)
npm http fetch GET 200 https://registry.npmjs.org/c12 95ms (cache revalidated)
npm http fetch GET 200 https://registry.npmjs.org/@prisma%2fdebug 282ms (cache revalidated)
npm http fetch GET 200 https://registry.npmjs.org/effect 543ms (cache revalidated)
npm http fetch GET 200 https://registry.npmjs.org/@prisma%2fget-platform 697ms (cache revalidated)
npm http fetch GET 200 https://registry.npmjs.org/@prisma%2ffetch-engine 1046ms (cache revalidated)
npm http fetch GET 200 https://registry.npmjs.org/@prisma%2fengines-version 1377ms (cache revalidated)
npm http fetch GET 200 https://registry.npmjs.org/magicast 94ms (cache revalidated)
npm http fetch GET 200 https://registry.npmjs.org/ohash 87ms (cache revalidated)
npm http fetch GET 200 https://registry.npmjs.org/defu 94ms (cache revalidated)
npm http fetch GET 200 https://registry.npmjs.org/pathe 100ms (cache revalidated)
npm http fetch GET 200 https://registry.npmjs.org/jiti 111ms (cache revalidated)
npm http fetch GET 200 https://registry.npmjs.org/giget 150ms (cache revalidated)
npm http fetch GET 200 https://registry.npmjs.org/rc9 196ms (cache revalidated)
npm http fetch GET 200 https://registry.npmjs.org/confbox 214ms (cache revalidated)
npm http fetch GET 200 https://registry.npmjs.org/chokidar 236ms (cache revalidated)
npm http fetch GET 200 https://registry.npmjs.org/pkg-types 241ms (cache revalidated)
npm http fetch GET 200 https://registry.npmjs.org/perfect-debounce 209ms (cache revalidated)
npm http fetch GET 200 https://registry.npmjs.org/exsolve 280ms (cache revalidated)
npm http fetch GET 200 https://registry.npmjs.org/@standard-schema%2fspec 168ms (cache revalidated)
npm http fetch GET 200 https://registry.npmjs.org/fast-check 1137ms (cache revalidated)
npm http fetch GET 200 https://registry.npmjs.org/node-fetch-native 78ms (cache revalidated)
npm http fetch GET 200 https://registry.npmjs.org/readdirp 85ms (cache revalidated)
npm http fetch GET 200 https://registry.npmjs.org/consola 96ms (cache revalidated)
npm http fetch GET 200 https://registry.npmjs.org/nypm 111ms (cache revalidated)
npm http fetch GET 200 https://registry.npmjs.org/destr 155ms (cache revalidated)
npm http fetch GET 200 https://registry.npmjs.org/citty 1103ms (cache revalidated)
npm http fetch GET 200 https://registry.npmjs.org/pure-rand 1017ms (cache revalidated)
npm http fetch GET 200 https://registry.npmjs.org/tinyexec 64ms (cache revalidated)
npm http fetch GET 200 https://registry.npmjs.org/side-channel-map 88ms (cache revalidated)
npm http fetch GET 200 https://registry.npmjs.org/object-inspect 91ms (cache revalidated)
npm http fetch GET 200 https://registry.npmjs.org/es-errors 95ms (cache revalidated)
npm http fetch GET 200 https://registry.npmjs.org/side-channel-list 99ms (cache revalidated)
npm http fetch GET 200 https://registry.npmjs.org/side-channel-weakmap 100ms (cache revalidated)
npm http fetch GET 200 https://registry.npmjs.org/get-intrinsic 80ms (cache revalidated)
npm http fetch GET 200 https://registry.npmjs.org/get-intrinsic 91ms (cache revalidated)
npm http fetch GET 200 https://registry.npmjs.org/call-bound 95ms (cache revalidated)
npm http fetch GET 200 https://registry.npmjs.org/call-bound 97ms (cache revalidated)
npm http fetch GET 200 https://registry.npmjs.org/has-symbols 117ms (cache revalidated)
npm http fetch GET 200 https://registry.npmjs.org/call-bind-apply-helpers 151ms (cache revalidated)
npm http fetch GET 200 https://registry.npmjs.org/es-object-atoms 267ms (cache revalidated)
npm http fetch GET 200 https://registry.npmjs.org/get-proto 304ms (cache revalidated)
npm http fetch GET 200 https://registry.npmjs.org/hasown 309ms (cache revalidated)
npm http fetch GET 200 https://registry.npmjs.org/gopd 311ms (cache revalidated)
npm http fetch GET 200 https://registry.npmjs.org/function-bind 314ms (cache revalidated)
npm http fetch GET 200 https://registry.npmjs.org/math-intrinsics 271ms (cache revalidated)
npm http fetch GET 200 https://registry.npmjs.org/es-define-property 260ms (cache revalidated)
npm http fetch GET 200 https://registry.npmjs.org/dunder-proto 68ms (cache revalidated)
npm http cache media-typer@https://registry.npmjs.org/media-typer/-/media-typer-1.1.0.tgz 0ms (cache hit)
npm http cache hasown@https://registry.npmjs.org/hasown/-/hasown-2.0.2.tgz 0ms (cache hit)
npm http cache math-intrinsics@https://registry.npmjs.org/math-intrinsics/-/math-intrinsics-1.1.0.tgz 0ms (cache hit)
npm http cache dunder-proto@https://registry.npmjs.org/dunder-proto/-/dunder-proto-1.0.1.tgz 0ms (cache hit)
npm http cache has-symbols@https://registry.npmjs.org/has-symbols/-/has-symbols-1.1.0.tgz 0ms (cache hit)
npm http cache gopd@https://registry.npmjs.org/gopd/-/gopd-1.2.0.tgz 1ms (cache hit)
npm http cache es-object-atoms@https://registry.npmjs.org/es-object-atoms/-/es-object-atoms-1.1.1.tgz 0ms (cache hit)
npm http cache get-proto@https://registry.npmjs.org/get-proto/-/get-proto-1.0.1.tgz 0ms (cache hit)
npm http cache es-define-property@https://registry.npmjs.org/es-define-property/-/es-define-property-1.0.1.tgz 0ms (cache hit)
npm http cache function-bind@https://registry.npmjs.org/function-bind/-/function-bind-1.1.2.tgz 0ms (cache hit)
npm http cache call-bind-apply-helpers@https://registry.npmjs.org/call-bind-apply-helpers/-/call-bind-apply-helpers-1.0.2.tgz 0ms (cache hit)
npm http cache get-intrinsic@https://registry.npmjs.org/get-intrinsic/-/get-intrinsic-1.3.0.tgz 0ms (cache hit)
npm http cache side-channel-map@https://registry.npmjs.org/side-channel-map/-/side-channel-map-1.0.1.tgz 0ms (cache hit)
npm http cache call-bound@https://registry.npmjs.org/call-bound/-/call-bound-1.0.4.tgz 0ms (cache hit)
npm http cache side-channel-list@https://registry.npmjs.org/side-channel-list/-/side-channel-list-1.0.0.tgz 0ms (cache hit)
npm http cache path-to-regexp@https://registry.npmjs.org/path-to-regexp/-/path-to-regexp-8.3.0.tgz 0ms (cache hit)
npm http cache is-promise@https://registry.npmjs.org/is-promise/-/is-promise-4.0.0.tgz 0ms (cache hit)
npm http cache es-errors@https://registry.npmjs.org/es-errors/-/es-errors-1.3.0.tgz 0ms (cache hit)
npm http cache side-channel-weakmap@https://registry.npmjs.org/side-channel-weakmap/-/side-channel-weakmap-1.0.2.tgz 0ms (cache hit)
npm http cache unpipe@https://registry.npmjs.org/unpipe/-/unpipe-1.0.0.tgz 0ms (cache hit)
npm http cache object-inspect@https://registry.npmjs.org/object-inspect/-/object-inspect-1.13.4.tgz 0ms (cache hit)
npm http cache destr@https://registry.npmjs.org/destr/-/destr-2.0.5.tgz 0ms (cache hit)
npm http cache ipaddr.js@https://registry.npmjs.org/ipaddr.js/-/ipaddr.js-1.9.1.tgz 0ms (cache hit)
npm http cache nypm@https://registry.npmjs.org/nypm/-/nypm-0.6.4.tgz 0ms (cache hit)
npm http cache side-channel@https://registry.npmjs.org/side-channel/-/side-channel-1.1.0.tgz 0ms (cache hit)
npm http cache tinyexec@https://registry.npmjs.org/tinyexec/-/tinyexec-1.0.2.tgz 0ms (cache hit)
npm http cache forwarded@https://registry.npmjs.org/forwarded/-/forwarded-0.2.0.tgz 0ms (cache hit)
npm http cache node-fetch-native@https://registry.npmjs.org/node-fetch-native/-/node-fetch-native-1.6.7.tgz 0ms (cache hit)
npm http cache consola@https://registry.npmjs.org/consola/-/consola-3.4.2.tgz 0ms (cache hit)
npm http cache pure-rand@https://registry.npmjs.org/pure-rand/-/pure-rand-6.1.0.tgz 0ms (cache hit)
npm http cache citty@https://registry.npmjs.org/citty/-/citty-0.1.6.tgz 0ms (cache hit)
npm http cache @standard-schema/spec@https://registry.npmjs.org/@standard-schema/spec/-/spec-1.1.0.tgz 0ms (cache hit)
npm http cache fast-check@https://registry.npmjs.org/fast-check/-/fast-check-3.23.2.tgz 0ms (cache hit)
npm http cache readdirp@https://registry.npmjs.org/readdirp/-/readdirp-4.1.2.tgz 0ms (cache hit)
npm http cache pkg-types@https://registry.npmjs.org/pkg-types/-/pkg-types-2.3.0.tgz 0ms (cache hit)
npm http cache rc9@https://registry.npmjs.org/rc9/-/rc9-2.1.2.tgz 0ms (cache hit)
npm http cache pathe@https://registry.npmjs.org/pathe/-/pathe-2.0.3.tgz 0ms (cache hit)
npm http cache perfect-debounce@https://registry.npmjs.org/perfect-debounce/-/perfect-debounce-1.0.0.tgz 0ms (cache hit)
npm http cache giget@https://registry.npmjs.org/giget/-/giget-2.0.0.tgz 1ms (cache hit)
npm http cache ohash@https://registry.npmjs.org/ohash/-/ohash-2.0.11.tgz 0ms (cache hit)
npm http cache exsolve@https://registry.npmjs.org/exsolve/-/exsolve-1.0.8.tgz 0ms (cache hit)
npm http cache @prisma/get-platform@https://registry.npmjs.org/@prisma/get-platform/-/get-platform-6.19.2.tgz 0ms (cache hit)
npm http cache jiti@https://registry.npmjs.org/jiti/-/jiti-2.6.1.tgz 0ms (cache hit)
npm http cache confbox@https://registry.npmjs.org/confbox/-/confbox-0.2.2.tgz 0ms (cache hit)
npm http cache chokidar@https://registry.npmjs.org/chokidar/-/chokidar-4.0.3.tgz 0ms (cache hit)
npm http cache empathic@https://registry.npmjs.org/empathic/-/empathic-2.0.0.tgz 0ms (cache hit)
npm http cache @prisma/fetch-engine@https://registry.npmjs.org/@prisma/fetch-engine/-/fetch-engine-6.19.2.tgz 0ms (cache hit)
npm http cache defu@https://registry.npmjs.org/defu/-/defu-6.1.4.tgz 0ms (cache hit)
npm http cache @prisma/engines-version@https://registry.npmjs.org/@prisma/engines-version/-/engines-version-7.1.1-3.c2990dca591cba766e3b7ef5d9e8a84796e47ab7.tgz 0ms (cache hit)
npm http cache @prisma/debug@https://registry.npmjs.org/@prisma/debug/-/debug-6.19.2.tgz 0ms (cache hit)
npm http cache effect@https://registry.npmjs.org/effect/-/effect-3.18.4.tgz 0ms (cache hit)
npm http cache @prisma/engines@https://registry.npmjs.org/@prisma/engines/-/engines-6.19.2.tgz 0ms (cache hit)
npm http cache deepmerge-ts@https://registry.npmjs.org/deepmerge-ts/-/deepmerge-ts-7.1.5.tgz 0ms (cache hit)
npm http cache c12@https://registry.npmjs.org/c12/-/c12-3.1.0.tgz 0ms (cache hit)
npm http cache @prisma/config@https://registry.npmjs.org/@prisma/config/-/config-6.19.2.tgz 0ms (cache hit)
npm http cache wrappy@https://registry.npmjs.org/wrappy/-/wrappy-1.0.2.tgz 0ms (cache hit)
npm http cache ee-first@https://registry.npmjs.org/ee-first/-/ee-first-1.1.1.tgz 0ms (cache hit)
npm http cache mime-db@https://registry.npmjs.org/mime-db/-/mime-db-1.54.0.tgz 0ms (cache hit)
npm http cache ecdsa-sig-formatter@https://registry.npmjs.org/ecdsa-sig-formatter/-/ecdsa-sig-formatter-1.0.11.tgz 0ms (cache hit)
npm http cache buffer-equal-constant-time@https://registry.npmjs.org/buffer-equal-constant-time/-/buffer-equal-constant-time-1.0.1.tgz 0ms (cache hit)
npm http cache safe-buffer@https://registry.npmjs.org/safe-buffer/-/safe-buffer-5.2.1.tgz 0ms (cache hit)
npm http cache semver@https://registry.npmjs.org/semver/-/semver-7.7.3.tgz 0ms (cache hit)
npm http cache jwa@https://registry.npmjs.org/jwa/-/jwa-2.0.1.tgz 0ms (cache hit)
npm http cache lodash.once@https://registry.npmjs.org/lodash.once/-/lodash.once-4.1.1.tgz 0ms (cache hit)
npm http cache lodash.isnumber@https://registry.npmjs.org/lodash.isnumber/-/lodash.isnumber-3.0.3.tgz 0ms (cache hit)
npm http cache lodash.isplainobject@https://registry.npmjs.org/lodash.isplainobject/-/lodash.isplainobject-4.0.6.tgz 0ms (cache hit)
npm http cache lodash.isstring@https://registry.npmjs.org/lodash.isstring/-/lodash.isstring-4.0.1.tgz 0ms (cache hit)
npm http cache lodash.isboolean@https://registry.npmjs.org/lodash.isboolean/-/lodash.isboolean-3.0.3.tgz 0ms (cache hit)
npm http cache lodash.isinteger@https://registry.npmjs.org/lodash.isinteger/-/lodash.isinteger-4.0.4.tgz 0ms (cache hit)
npm http cache lodash.includes@https://registry.npmjs.org/lodash.includes/-/lodash.includes-4.3.0.tgz 0ms (cache hit)
npm http cache jws@https://registry.npmjs.org/jws/-/jws-4.0.1.tgz 0ms (cache hit)
npm http cache safer-buffer@https://registry.npmjs.org/safer-buffer/-/safer-buffer-2.1.2.tgz 0ms (cache hit)
npm http cache toidentifier@https://registry.npmjs.org/toidentifier/-/toidentifier-1.0.1.tgz 0ms (cache hit)
npm http cache setprototypeof@https://registry.npmjs.org/setprototypeof/-/setprototypeof-1.2.0.tgz 0ms (cache hit)
npm http cache inherits@https://registry.npmjs.org/inherits/-/inherits-2.0.4.tgz 0ms (cache hit)
npm http cache ms@https://registry.npmjs.org/ms/-/ms-2.1.3.tgz 0ms (cache hit)
npm http cache raw-body@https://registry.npmjs.org/raw-body/-/raw-body-3.0.2.tgz 0ms (cache hit)
npm http cache bytes@https://registry.npmjs.org/bytes/-/bytes-3.1.2.tgz 0ms (cache hit)
npm http cache negotiator@https://registry.npmjs.org/negotiator/-/negotiator-1.0.0.tgz 0ms (cache hit)
npm http cache iconv-lite@https://registry.npmjs.org/iconv-lite/-/iconv-lite-0.7.2.tgz 0ms (cache hit)
npm http cache type-is@https://registry.npmjs.org/type-is/-/type-is-2.0.1.tgz 0ms (cache hit)
npm http cache statuses@https://registry.npmjs.org/statuses/-/statuses-2.0.2.tgz 0ms (cache hit)
npm http cache serve-static@https://registry.npmjs.org/serve-static/-/serve-static-2.2.1.tgz 0ms (cache hit)
npm http cache send@https://registry.npmjs.org/send/-/send-1.2.1.tgz 0ms (cache hit)
npm http cache router@https://registry.npmjs.org/router/-/router-2.2.0.tgz 0ms (cache hit)
npm http cache qs@https://registry.npmjs.org/qs/-/qs-6.14.1.tgz 0ms (cache hit)
npm http cache proxy-addr@https://registry.npmjs.org/proxy-addr/-/proxy-addr-2.0.7.tgz 0ms (cache hit)
npm http cache parseurl@https://registry.npmjs.org/parseurl/-/parseurl-1.3.3.tgz 0ms (cache hit)
npm http cache on-finished@https://registry.npmjs.org/on-finished/-/on-finished-2.4.1.tgz 0ms (cache hit)
npm http cache range-parser@https://registry.npmjs.org/range-parser/-/range-parser-1.2.1.tgz 0ms (cache hit)
npm http cache http-errors@https://registry.npmjs.org/http-errors/-/http-errors-2.0.1.tgz 0ms (cache hit)
npm http cache once@https://registry.npmjs.org/once/-/once-1.4.0.tgz 0ms (cache hit)
npm http cache merge-descriptors@https://registry.npmjs.org/merge-descriptors/-/merge-descriptors-2.0.0.tgz 0ms (cache hit)
npm http cache fresh@https://registry.npmjs.org/fresh/-/fresh-2.0.0.tgz 0ms (cache hit)
npm http cache mime-types@https://registry.npmjs.org/mime-types/-/mime-types-3.0.2.tgz 0ms (cache hit)
npm http cache finalhandler@https://registry.npmjs.org/finalhandler/-/finalhandler-2.1.1.tgz 0ms (cache hit)
npm http cache etag@https://registry.npmjs.org/etag/-/etag-1.8.1.tgz 0ms (cache hit)
npm http cache escape-html@https://registry.npmjs.org/escape-html/-/escape-html-1.0.3.tgz 0ms (cache hit)
npm http cache encodeurl@https://registry.npmjs.org/encodeurl/-/encodeurl-2.0.0.tgz 0ms (cache hit)
npm http cache depd@https://registry.npmjs.org/depd/-/depd-2.0.0.tgz 1ms (cache hit)
npm http cache cookie-signature@https://registry.npmjs.org/cookie-signature/-/cookie-signature-1.2.2.tgz 0ms (cache hit)
npm http cache debug@https://registry.npmjs.org/debug/-/debug-4.4.3.tgz 0ms (cache hit)
npm http cache cookie@https://registry.npmjs.org/cookie/-/cookie-0.7.2.tgz 0ms (cache hit)
npm http cache content-type@https://registry.npmjs.org/content-type/-/content-type-1.0.5.tgz 0ms (cache hit)
npm http cache content-disposition@https://registry.npmjs.org/content-disposition/-/content-disposition-1.0.1.tgz 0ms (cache hit)
npm http cache body-parser@https://registry.npmjs.org/body-parser/-/body-parser-2.2.2.tgz 0ms (cache hit)
npm http cache accepts@https://registry.npmjs.org/accepts/-/accepts-2.0.0.tgz 0ms (cache hit)
npm http cache vary@https://registry.npmjs.org/vary/-/vary-1.1.2.tgz 0ms (cache hit)
npm http cache @prisma/client-runtime-utils@https://registry.npmjs.org/@prisma/client-runtime-utils/-/client-runtime-utils-7.3.0.tgz 0ms (cache hit)
npm http cache object-assign@https://registry.npmjs.org/object-assign/-/object-assign-4.1.1.tgz 0ms (cache hit)
npm http cache prisma@https://registry.npmjs.org/prisma/-/prisma-6.19.2.tgz 0ms (cache hit)
npm http cache jsonwebtoken@https://registry.npmjs.org/jsonwebtoken/-/jsonwebtoken-9.0.3.tgz 0ms (cache hit)
npm http cache express@https://registry.npmjs.org/express/-/express-5.2.1.tgz 0ms (cache hit)
npm http cache bcryptjs@https://registry.npmjs.org/bcryptjs/-/bcryptjs-3.0.3.tgz 0ms (cache hit)
npm http cache dotenv@https://registry.npmjs.org/dotenv/-/dotenv-17.2.3.tgz 0ms (cache hit)
npm http cache @prisma/client@https://registry.npmjs.org/@prisma/client/-/client-7.3.0.tgz 0ms (cache hit)
npm http cache citty@https://registry.npmjs.org/citty/-/citty-0.2.0.tgz 0ms (cache hit)
npm http cache cors@https://registry.npmjs.org/cors/-/cors-2.8.6.tgz 0ms (cache hit)
npm http cache dotenv@https://registry.npmjs.org/dotenv/-/dotenv-16.6.1.tgz 0ms (cache hit)
npm http fetch POST 200 https://registry.npmjs.org/-/npm/v1/security/advisories/bulk 1782ms
npm info run prisma@6.19.2 preinstall node_modules/prisma node scripts/preinstall-entry.js
npm info run prisma@6.19.2 preinstall { code: 0, signal: null }
npm info run @prisma/engines@6.19.2 postinstall node_modules/@prisma/engines node scripts/postinstall.js
npm info run @prisma/engines@6.19.2 postinstall { code: 0, signal: null }

> server@1.0.0 postinstall
> prisma generate

Environment variables loaded from .env
Prisma schema loaded from prisma\schema.prisma
Error: 
Cannot find module 'C:\Users\asadi\Desktop\smart-diet-app\server\node_modules\@prisma\client\runtime\query_engine_bg.sqlite.wasm-base64.js'
Require stack:
- C:\Users\asadi\Desktop\smart-diet-app\server\node_modules\prisma\build\index.js


npm verbose stack Error: command failed
npm verbose stack     at promiseSpawn (C:\Users\asadi\AppData\Local\nvm\v24.8.0\node_modules\npm\node_modules\@npmcli\promise-spawn\lib\index.js:22:22)
npm verbose stack     at spawnWithShell (C:\Users\asadi\AppData\Local\nvm\v24.8.0\node_modules\npm\node_modules\@npmcli\promise-spawn\lib\index.js:124:10)
npm verbose stack     at promiseSpawn (C:\Users\asadi\AppData\Local\nvm\v24.8.0\node_modules\npm\node_modules\@npmcli\promise-spawn\lib\index.js:12:12)
npm verbose stack     at runScriptPkg (C:\Users\asadi\AppData\Local\nvm\v24.8.0\node_modules\npm\node_modules\@npmcli\run-script\lib\run-script-pkg.js:79:13)
npm verbose stack     at runScript (C:\Users\asadi\AppData\Local\nvm\v24.8.0\node_modules\npm\node_modules\@npmcli\run-script\lib\run-script.js:12:10)
npm verbose stack     at async Install.exec (C:\Users\asadi\AppData\Local\nvm\v24.8.0\node_modules\npm\lib\commands\install.js:163:9)
npm verbose stack     at async Npm.exec (C:\Users\asadi\AppData\Local\nvm\v24.8.0\node_modules\npm\lib\npm.js:208:9)
npm verbose stack     at async module.exports (C:\Users\asadi\AppData\Local\nvm\v24.8.0\node_modules\npm\lib\cli\entry.js:67:5)
npm verbose pkgid server@1.0.0
npm error code 1
npm error path C:\Users\asadi\Desktop\smart-diet-app\server
npm error command failed
npm error command C:\WINDOWS\system32\cmd.exe /d /s /c prisma generate
npm verbose cwd C:\Users\asadi\Desktop\smart-diet-app\server
npm verbose os Windows_NT 10.0.26200
npm verbose node v24.8.0
npm verbose npm  v11.6.0
npm verbose exit 1
npm verbose code 1
npm error A complete log of this run can be found in: C:\Users\asadi\AppData\Local\npm-cache\_logs\2026-02-01T07_09_53_769Z-debug-0.log
